Opened the browser :-chrome
Navigate to the Url :-https://www.amazon.in/
Selected the item :-Electronics by using locator :- searchDropdownBox
Entered the text :- sony by using locator :-  twotabsearchtextbox
Clicked on the amazon Search Button by using locator :- //input[@value='Go']
Opened the browser :-chrome
Navigate to the Url :-https://www.amazon.in/
Selected the item :-Electronics by using locator :- searchDropdownBox
Entered the text :- sony by using locator :-  twotabsearchtextbox
Clicked on the amazon Search Button by using locator :- //input[@value='Go']
Opened the browser :-chrome
Navigate to the Url :-https://www.amazon.in/
Selected the item :-Electronics by using locator :- searchDropdownBox
Entered the text :- sony by using locator :-  twotabsearchtextbox
Clicked on the amazon Search Button by using locator :- //input[@value='Go']
Opened the browser :-chrome
Navigate to the Url :-https://www.amazon.in/
Opened the browser :-chrome
Navigate to the Url :-https://www.amazon.in/
Opened the browser :-chrome
Navigate to the Url :-https://www.amazon.in/
Opened the browser :-chrome
Navigate to the Url :-https://www.amazon.in/
Opened the browser :-chrome
Navigate to the Url :-https://www.amazon.in/
Opened the browser :-chrome
Navigate to the Url :-https://www.amazon.in/
Opened the browser :-chrome
Navigate to the Url :-https://www.amazon.in/
Opened the browser :-chrome
Navigate to the Url :-https://www.amazon.in/
Opened the browser :-chrome
Navigate to the Url :-https://www.amazon.in/
Opened the browser :-chrome
Navigate to the Url :-https://www.amazon.in/
